# JRE version: OpenJDK Runtime Environment (8.0_202-b03) (build 1.8.0_202-release-1483-b03)
# Java VM: OpenJDK 64-Bit Server VM (25.202-b03 mixed mode windows-amd64 compressed oops)
Heap:
 PSYoungGen      total 205312K, used 97886K [0x00000000e0000000, 0x00000000ef600000, 0x0000000100000000)
  eden space 187392K, 42% used [0x00000000e0000000,0x00000000e4e3a818,0x00000000eb700000)
  from space 17920K, 99% used [0x00000000ec500000,0x00000000ed65d278,0x00000000ed680000)
  to   space 32256K, 0% used [0x00000000ed680000,0x00000000ed680000,0x00000000ef600000)
 ParOldGen       total 139264K, used 75004K [0x00000000a0000000, 0x00000000a8800000, 0x00000000e0000000)
  object space 139264K, 53% used [0x00000000a0000000,0x00000000a493f138,0x00000000a8800000)
 Metaspace       used 86523K, capacity 91272K, committed 91432K, reserved 1128448K
  class space    used 11385K, capacity 12269K, committed 12328K, reserved 1048576K
GC Heap History (10 events):
Event: 172.110 GC heap before
{Heap before GC invocations=18 (full 3):
 PSYoungGen      total 189952K, used 189926K [0x00000000e0000000, 0x00000000ecd80000, 0x0000000100000000)
  eden space 175616K, 100% used [0x00000000e0000000,0x00000000eab80000,0x00000000eab80000)
  from space 14336K, 99% used [0x00000000ebe00000,0x00000000ecbf9a18,0x00000000ecc00000)
  to   space 17408K, 0% used [0x00000000eab80000,0x00000000eab80000,0x00000000ebc80000)
 ParOldGen       total 139264K, used 32978K [0x00000000a0000000, 0x00000000a8800000, 0x00000000e0000000)
  object space 139264K, 23% used [0x00000000a0000000,0x00000000a2034bc0,0x00000000a8800000)
 Metaspace       used 80076K, capacity 83462K, committed 83624K, reserved 1122304K
  class space    used 10646K, capacity 11364K, committed 11432K, reserved 1048576K
Event: 172.185 GC heap after
Heap after GC invocations=18 (full 3):
 PSYoungGen      total 193024K, used 17391K [0x00000000e0000000, 0x00000000f0680000, 0x0000000100000000)
  eden space 175616K, 0% used [0x00000000e0000000,0x00000000e0000000,0x00000000eab80000)
  from space 17408K, 99% used [0x00000000eab80000,0x00000000ebc7bd38,0x00000000ebc80000)
  to   space 31744K, 0% used [0x00000000ee780000,0x00000000ee780000,0x00000000f0680000)
 ParOldGen       total 139264K, used 66040K [0x00000000a0000000, 0x00000000a8800000, 0x00000000e0000000)
  object space 139264K, 47% used [0x00000000a0000000,0x00000000a407e050,0x00000000a8800000)
 Metaspace       used 80076K, capacity 83462K, committed 83624K, reserved 1122304K
  class space    used 10646K, capacity 11364K, committed 11432K, reserved 1048576K
}
Event: 422.839 GC heap before
{Heap before GC invocations=19 (full 3):
 PSYoungGen      total 193024K, used 193007K [0x00000000e0000000, 0x00000000f0680000, 0x0000000100000000)
  eden space 175616K, 100% used [0x00000000e0000000,0x00000000eab80000,0x00000000eab80000)
  from space 17408K, 99% used [0x00000000eab80000,0x00000000ebc7bd38,0x00000000ebc80000)
  to   space 31744K, 0% used [0x00000000ee780000,0x00000000ee780000,0x00000000f0680000)
 ParOldGen       total 139264K, used 66040K [0x00000000a0000000, 0x00000000a8800000, 0x00000000e0000000)
  object space 139264K, 47% used [0x00000000a0000000,0x00000000a407e050,0x00000000a8800000)
 Metaspace       used 84221K, capacity 88164K, committed 88360K, reserved 1126400K
  class space    used 11242K, capacity 12027K, committed 12072K, reserved 1048576K
Event: 422.919 GC heap after
Heap after GC invocations=19 (full 3):
 PSYoungGen      total 222720K, used 12238K [0x00000000e0000000, 0x00000000efe00000, 0x0000000100000000)
  eden space 199680K, 0% used [0x00000000e0000000,0x00000000e0000000,0x00000000ec300000)
  from space 23040K, 53% used [0x00000000ee780000,0x00000000ef373a78,0x00000000efe00000)
  to   space 30208K, 0% used [0x00000000ec300000,0x00000000ec300000,0x00000000ee080000)
 ParOldGen       total 139264K, used 74980K [0x00000000a0000000, 0x00000000a8800000, 0x00000000e0000000)
  object space 139264K, 53% used [0x00000000a0000000,0x00000000a4939138,0x00000000a8800000)
 Metaspace       used 84221K, capacity 88164K, committed 88360K, reserved 1126400K
  class space    used 11242K, capacity 12027K, committed 12072K, reserved 1048576K
}
Event: 456.083 GC heap before
{Heap before GC invocations=20 (full 3):
 PSYoungGen      total 222720K, used 211918K [0x00000000e0000000, 0x00000000efe00000, 0x0000000100000000)
  eden space 199680K, 100% used [0x00000000e0000000,0x00000000ec300000,0x00000000ec300000)
  from space 23040K, 53% used [0x00000000ee780000,0x00000000ef373a78,0x00000000efe00000)
  to   space 30208K, 0% used [0x00000000ec300000,0x00000000ec300000,0x00000000ee080000)
 ParOldGen       total 139264K, used 74980K [0x00000000a0000000, 0x00000000a8800000, 0x00000000e0000000)
  object space 139264K, 53% used [0x00000000a0000000,0x00000000a4939138,0x00000000a8800000)
 Metaspace       used 85036K, capacity 89060K, committed 89128K, reserved 1126400K
  class space    used 11268K, capacity 12057K, committed 12072K, reserved 1048576K
Event: 456.117 GC heap after
Heap after GC invocations=20 (full 3):
 PSYoungGen      total 229888K, used 24213K [0x00000000e0000000, 0x00000000f1080000, 0x0000000100000000)
  eden space 199680K, 0% used [0x00000000e0000000,0x00000000e0000000,0x00000000ec300000)
  from space 30208K, 80% used [0x00000000ec300000,0x00000000edaa5710,0x00000000ee080000)
  to   space 32256K, 0% used [0x00000000ef100000,0x00000000ef100000,0x00000000f1080000)
 ParOldGen       total 139264K, used 74988K [0x00000000a0000000, 0x00000000a8800000, 0x00000000e0000000)
  object space 139264K, 53% used [0x00000000a0000000,0x00000000a493b138,0x00000000a8800000)
 Metaspace       used 85036K, capacity 89060K, committed 89128K, reserved 1126400K
  class space    used 11268K, capacity 12057K, committed 12072K, reserved 1048576K
}
Event: 632.151 GC heap before
{Heap before GC invocations=21 (full 3):
 PSYoungGen      total 229888K, used 223893K [0x00000000e0000000, 0x00000000f1080000, 0x0000000100000000)
  eden space 199680K, 100% used [0x00000000e0000000,0x00000000ec300000,0x00000000ec300000)
  from space 30208K, 80% used [0x00000000ec300000,0x00000000edaa5710,0x00000000ee080000)
  to   space 32256K, 0% used [0x00000000ef100000,0x00000000ef100000,0x00000000f1080000)
 ParOldGen       total 139264K, used 74988K [0x00000000a0000000, 0x00000000a8800000, 0x00000000e0000000)
  object space 139264K, 53% used [0x00000000a0000000,0x00000000a493b138,0x00000000a8800000)
 Metaspace       used 85609K, capacity 89776K, committed 90024K, reserved 1126400K
  class space    used 11291K, capacity 12099K, committed 12200K, reserved 1048576K
Event: 632.178 GC heap after
Heap after GC invocations=21 (full 3):
 PSYoungGen      total 215040K, used 21021K [0x00000000e0000000, 0x00000000f0600000, 0x0000000100000000)
  eden space 193536K, 0% used [0x00000000e0000000,0x00000000e0000000,0x00000000ebd00000)
  from space 21504K, 97% used [0x00000000ef100000,0x00000000f0587720,0x00000000f0600000)
  to   space 33280K, 0% used [0x00000000ec500000,0x00000000ec500000,0x00000000ee580000)
 ParOldGen       total 139264K, used 74996K [0x00000000a0000000, 0x00000000a8800000, 0x00000000e0000000)
  object space 139264K, 53% used [0x00000000a0000000,0x00000000a493d138,0x00000000a8800000)
 Metaspace       used 85609K, capacity 89776K, committed 90024K, reserved 1126400K
  class space    used 11291K, capacity 12099K, committed 12200K, reserved 1048576K
}
Event: 854.285 GC heap before
{Heap before GC invocations=22 (full 3):
 PSYoungGen      total 215040K, used 214557K [0x00000000e0000000, 0x00000000f0600000, 0x0000000100000000)
  eden space 193536K, 100% used [0x00000000e0000000,0x00000000ebd00000,0x00000000ebd00000)
  from space 21504K, 97% used [0x00000000ef100000,0x00000000f0587720,0x00000000f0600000)
  to   space 33280K, 0% used [0x00000000ec500000,0x00000000ec500000,0x00000000ee580000)
 ParOldGen       total 139264K, used 74996K [0x00000000a0000000, 0x00000000a8800000, 0x00000000e0000000)
  object space 139264K, 53% used [0x00000000a0000000,0x00000000a493d138,0x00000000a8800000)
 Metaspace       used 86277K, capacity 90906K, committed 91176K, reserved 1128448K
  class space    used 11358K, capacity 12220K, committed 12328K, reserved 1048576K
Event: 854.323 GC heap after
Heap after GC invocations=22 (full 3):
 PSYoungGen      total 205312K, used 17780K [0x00000000e0000000, 0x00000000ef600000, 0x0000000100000000)
  eden space 187392K, 0% used [0x00000000e0000000,0x00000000e0000000,0x00000000eb700000)
  from space 17920K, 99% used [0x00000000ec500000,0x00000000ed65d278,0x00000000ed680000)
  to   space 32256K, 0% used [0x00000000ed680000,0x00000000ed680000,0x00000000ef600000)
 ParOldGen       total 139264K, used 75004K [0x00000000a0000000, 0x00000000a8800000, 0x00000000e0000000)
  object space 139264K, 53% used [0x00000000a0000000,0x00000000a493f138,0x00000000a8800000)
 Metaspace       used 86277K, capacity 90906K, committed 91176K, reserved 1128448K
  class space    used 11358K, capacity 12220K, committed 12328K, reserved 1048576K
}

